Using pre-set license
Built from '2020.3/china_unity/release' branch; Version is '2020.3.48f1c1 (06fbdfbf16e3) revision 457695'; Using compiler version '192528614'; Build Type 'Release'
OS: 'Windows 11  (10.0.22631) 64bit CoreCountrySpecific' Language: 'zh' Physical Memory: 31991 MB
BatchMode: 1, IsHumanControllingUs: 0, StartBugReporterOnCrash: 0, Is64bit: 1, IsPro: 0

COMMAND LINE ARGUMENTS:
D:\Program Files\Unity\Editor\2020.3.48f1c1\Editor\Unity.exe
-adb2
-batchMode
-noUpm
-name
AssetImportWorker0
-projectPath
E:/Unity/ChineseCharacterWorld
-logFile
Logs/AssetImportWorker0.log
-srvPort
57458
Successfully changed project path to: E:/Unity/ChineseCharacterWorld
E:/Unity/ChineseCharacterWorld
Using Asset Import Pipeline V2.
Player connection [8916] Host "[IP] 192.168.1.7 [Port] 1073958816 [Flags] 2 [Guid] 2939743310 [EditorId] 2939743310 [Version] 1048832 [Id] WindowsEditor(7,аж) [Debug] 1 [PackageName] WindowsEditor [ProjectName] Editor" joined multi-casting on [225.0.0.222:54997]...

Player connection [8916] Host "[IP] 192.168.1.7 [Port] 1073958816 [Flags] 2 [Guid] 2939743310 [EditorId] 2939743310 [Version] 1048832 [Id] WindowsEditor(7,аж) [Debug] 1 [PackageName] WindowsEditor [ProjectName] Editor" joined alternative multi-casting on [225.0.0.222:34997]...

AS: AutoStreaming module initializing.Refreshing native plugins compatible for Editor in 71.39 ms, found 2 plugins.
Preloading 0 native plugins for Editor in 0.00 ms.
Initialize engine version: 2020.3.48f1c1 (06fbdfbf16e3)
[Subsystems] Discovering subsystems at path D:/Program Files/Unity/Editor/2020.3.48f1c1/Editor/Data/Resources/UnitySubsystems
[Subsystems] Discovering subsystems at path E:/Unity/ChineseCharacterWorld/Assets
GfxDevice: creating device client; threaded=0
Direct3D:
    Version:  Direct3D 11.0 [level 11.1]
    Renderer: NVIDIA GeForce RTX 4060 Laptop GPU (ID=0x28a0)
    Vendor:   
    VRAM:     7957 MB
    Driver:   31.0.15.5123
Initialize mono
Mono path[0] = 'D:/Program Files/Unity/Editor/2020.3.48f1c1/Editor/Data/Managed'
Mono path[1] = 'D:/Program Files/Unity/Editor/2020.3.48f1c1/Editor/Data/MonoBleedingEdge/lib/mono/unityjit'
Mono config path = 'D:/Program Files/Unity/Editor/2020.3.48f1c1/Editor/Data/MonoBleedingEdge/etc'
Using monoOptions --debugger-agent=transport=dt_socket,embedding=1,server=y,suspend=n,address=127.0.0.1:56848
Begin MonoManager ReloadAssembly
Registering precompiled unity dll's ...
Register platform support module: D:/Program Files/Unity/Editor/2020.3.48f1c1/Editor/Data/PlaybackEngines/WindowsStandaloneSupport/UnityEditor.WindowsStandalone.Extensions.dll
Registered in 0.000759 seconds.
Native extension for WindowsStandalone target not found
Refreshing native plugins compatible for Editor in 65.17 ms, found 2 plugins.
Preloading 0 native plugins for Editor in 0.00 ms.
Mono: successfully reloaded assembly
- Completed reload, in  0.513 seconds
Domain Reload Profiling:
	ReloadAssembly (513ms)
		BeginReloadAssembly (61ms)
			ExecutionOrderSort (0ms)
			DisableScriptedObjects (0ms)
			BackupInstance (0ms)
			ReleaseScriptingObjects (0ms)
			CreateAndSetChildDomain (1ms)
		EndReloadAssembly (400ms)
			LoadAssemblies (60ms)
			RebuildTransferFunctionScriptingTraits (0ms)
			SetupTypeCache (126ms)
			ReleaseScriptCaches (0ms)
			RebuildScriptCaches (23ms)
			SetupLoadedEditorAssemblies (165ms)
				LogAssemblyErrors (0ms)
				InitializePlatformSupportModulesInManaged (3ms)
				SetLoadedEditorAssemblies (0ms)
				RefreshPlugins (65ms)
				BeforeProcessingInitializeOnLoad (10ms)
				ProcessInitializeOnLoadAttributes (65ms)
				ProcessInitializeOnLoadMethodAttributes (21ms)
				AfterProcessingInitializeOnLoad (0ms)
				EditorAssembliesLoaded (0ms)
			ExecutionOrderSort2 (0ms)
			AwakeInstancesAfterBackupRestoration (0ms)
Platform modules already initialized, skipping
Registering precompiled user dll's ...
Registered in 0.002448 seconds.
Begin MonoManager ReloadAssembly
Native extension for WindowsStandalone target not found
Refreshing native plugins compatible for Editor in 69.65 ms, found 2 plugins.
Preloading 0 native plugins for Editor in 0.00 ms.
Mono: successfully reloaded assembly
- Completed reload, in  1.068 seconds
Domain Reload Profiling:
	ReloadAssembly (1069ms)
		BeginReloadAssembly (101ms)
			ExecutionOrderSort (0ms)
			DisableScriptedObjects (4ms)
			BackupInstance (0ms)
			ReleaseScriptingObjects (0ms)
			CreateAndSetChildDomain (16ms)
		EndReloadAssembly (930ms)
			LoadAssemblies (68ms)
			RebuildTransferFunctionScriptingTraits (0ms)
			SetupTypeCache (258ms)
			ReleaseScriptCaches (1ms)
			RebuildScriptCaches (52ms)
			SetupLoadedEditorAssemblies (470ms)
				LogAssemblyErrors (0ms)
				InitializePlatformSupportModulesInManaged (3ms)
				SetLoadedEditorAssemblies (0ms)
				RefreshPlugins (70ms)
				BeforeProcessingInitializeOnLoad (81ms)
				ProcessInitializeOnLoadAttributes (304ms)
				ProcessInitializeOnLoadMethodAttributes (11ms)
				AfterProcessingInitializeOnLoad (2ms)
				EditorAssembliesLoaded (0ms)
			ExecutionOrderSort2 (0ms)
			AwakeInstancesAfterBackupRestoration (2ms)
Platform modules already initialized, skipping
========================================================================
Worker process is ready to serve import requests
Launched and connected shader compiler UnityShaderCompiler.exe after 0.06 seconds
Refreshing native plugins compatible for Editor in 0.93 ms, found 2 plugins.
Preloading 0 native plugins for Editor in 0.00 ms.
Unloading 3288 Unused Serialized files (Serialized files now loaded: 0)
System memory in use before: 147.7 MB.
System memory in use after: 147.9 MB.

Unloading 21 unused Assets to reduce memory usage. Loaded Objects now: 3732.
Total: 3.491800 ms (FindLiveObjects: 0.269900 ms CreateObjectMapping: 0.078300 ms MarkObjects: 3.001100 ms  DeleteObjects: 0.141700 ms)

AssetImportParameters requested are different than current active one (requested -> active):
  custom:framework-win-MediaFoundation: 216162199b28c13a410421893ffa2e32 -> 
  custom:video-decoder-ogg-theora: a1e56fd34408186e4bbccfd4996cb3dc -> 
  custom:container-muxer-webm: aa71ff27fc2769a1b78a27578f13a17b -> 
  custom:container-demuxer-webm: 4f35f7cbe854078d1ac9338744f61a02 -> 
  custom:container-demuxer-ogg: 62fdf1f143b41e24485cea50d1cbac27 -> 
  custom:video-encoder-webm-vp8: eb34c28f22e8b96e1ab97ce403110664 -> 
  custom:video-codec-MediaFoundation-h265: 746d11721c4dcdbdad8f713fa42b33f4 -> 
  custom:video-decoder-webm-vp8: 9c59270c3fd7afecdb556c50c9e8de78 -> 
  custom:audio-decoder-ogg-vorbis: bf7c407c2cedff20999df2af8eb42d56 -> 
  custom:audio-encoder-webm-vorbis: bf7c407c2cedff20999df2af8eb42d56 -> 
========================================================================
Received Import Request.
  path: Assets/Cainos/Customizable Pixel Character/Animation/AM Pixel Character - Spine & Head.mask
  artifactKey: Guid(725cbb21d25db904dbf3af41ae7cebe4) Importer(815301076,1909f56bfc062723c751e8b465ee728b)
Start importing Assets/Cainos/Customizable Pixel Character/Animation/AM Pixel Character - Spine & Head.mask using Guid(725cbb21d25db904dbf3af41ae7cebe4) Importer(815301076,1909f56bfc062723c751e8b465ee728b)  -> (artifact id: '096272ad1f79894bccc99fb37e6ae345') in 0.053807 seconds 
========================================================================
Received Import Request.
  Time since last request: 0.000246 seconds.
  path: Assets/Cainos/Customizable Pixel Character/Animation/AM Pixel Character - Right Arm.mask
  artifactKey: Guid(7da0c3d22b8e8ed4db22b468f9b2cb81) Importer(815301076,1909f56bfc062723c751e8b465ee728b)
Start importing Assets/Cainos/Customizable Pixel Character/Animation/AM Pixel Character - Right Arm.mask using Guid(7da0c3d22b8e8ed4db22b468f9b2cb81) Importer(815301076,1909f56bfc062723c751e8b465ee728b)  -> (artifact id: '93fa463ab62d7f04b80e73ed06e10a7b') in 0.007220 seconds 
========================================================================
Received Import Request.
  Time since last request: 0.000282 seconds.
  path: Assets/Cainos/Customizable Pixel Character/Animation/AM Pixel Character - Expression Cat Face.anim
  artifactKey: Guid(988c59298f544054ab71a2b844e54846) Importer(815301076,1909f56bfc062723c751e8b465ee728b)
Start importing Assets/Cainos/Customizable Pixel Character/Animation/AM Pixel Character - Expression Cat Face.anim using Guid(988c59298f544054ab71a2b844e54846) Importer(815301076,1909f56bfc062723c751e8b465ee728b)  -> (artifact id: '13c6a43ab2492695c6534fa285e4cb3d') in 0.010084 seconds 
========================================================================
Received Import Request.
  Time since last request: 0.000179 seconds.
  path: Assets/Cainos/Customizable Pixel Character/Animation/AM Pixel Character - Upper Body.mask
  artifactKey: Guid(e8d4f2c25e41aff4ca791d0f443253e1) Importer(815301076,1909f56bfc062723c751e8b465ee728b)
Start importing Assets/Cainos/Customizable Pixel Character/Animation/AM Pixel Character - Upper Body.mask using Guid(e8d4f2c25e41aff4ca791d0f443253e1) Importer(815301076,1909f56bfc062723c751e8b465ee728b)  -> (artifact id: 'a7f8b6687e99f65d3d3e2024beeb33dd') in 0.007561 seconds 
========================================================================
Received Import Request.
  Time since last request: 0.000202 seconds.
  path: Assets/Cainos/Customizable Pixel Character/Animation/AC Character.controller
  artifactKey: Guid(1fec72aba0729704f8fb7df79496b4b9) Importer(815301076,1909f56bfc062723c751e8b465ee728b)
Start importing Assets/Cainos/Customizable Pixel Character/Animation/AC Character.controller using Guid(1fec72aba0729704f8fb7df79496b4b9) Importer(815301076,1909f56bfc062723c751e8b465ee728b)  -> (artifact id: '4ce9723750e720662cf345c2937be110') in 0.037060 seconds 
========================================================================
Received Import Request.
  Time since last request: 1.726732 seconds.
  path: Assets/Cainos/Customizable Pixel Character/Material/Expression/MT Pixel Character - Expression - Cat Face.mat
  artifactKey: Guid(012fe067f8294fc4dba54eb0c0a936ce) Importer(815301076,1909f56bfc062723c751e8b465ee728b)
Start importing Assets/Cainos/Customizable Pixel Character/Material/Expression/MT Pixel Character - Expression - Cat Face.mat using Guid(012fe067f8294fc4dba54eb0c0a936ce) Importer(815301076,1909f56bfc062723c751e8b465ee728b)  -> (artifact id: 'ba3b06cb9874c9b48e1694452423fd56') in 0.186879 seconds 
AssetImportWorkerClient::OnTransportError - code=2 error=End of file
